[13März2026 16:49:48.467] [main/DEBUG] [mixin/]: Preparing mixins for MixinEnvironment[DEFAULT]
[13März2026 16:49:48.469] [main/DEBUG] [mixin/]: Selecting config neoforge.mixins.json
[13März2026 16:49:48.478] [main/DEBUG] [mixin/]: Selecting config mixinextras.init.mixins.json
[13März2026 16:49:48.575] [main/DEBUG] [MixinExtras|Service/]: com.llamalad7.mixinextras.service.MixinExtrasServiceImpl(version=0.5.0) is taking over from null
[13März2026 16:49:48.657] [main/DEBUG] [mixin/]: Registering new injector for @Inject with org.spongepowered.asm.mixin.injection.struct.CallbackInjectionInfo
[13März2026 16:49:48.659] [main/DEBUG] [mixin/]: Registering new injector for @ModifyArg with org.spongepowered.asm.mixin.injection.struct.ModifyArgInjectionInfo
[13März2026 16:49:48.663] [main/DEBUG] [mixin/]: Registering new injector for @ModifyArgs with org.spongepowered.asm.mixin.injection.struct.ModifyArgsInjectionInfo
[13März2026 16:49:48.665] [main/DEBUG] [mixin/]: Registering new injector for @Redirect with org.spongepowered.asm.mixin.injection.struct.RedirectInjectionInfo
[13März2026 16:49:48.667] [main/DEBUG] [mixin/]: Registering new injector for @ModifyVariable with org.spongepowered.asm.mixin.injection.struct.ModifyVariableInjectionInfo
[13März2026 16:49:48.669] [main/DEBUG] [mixin/]: Registering new injector for @ModifyConstant with org.spongepowered.asm.mixin.injection.struct.ModifyConstantInjectionInfo
[13März2026 16:49:48.687] [main/DEBUG] [mixin/]: Preparing neoforge.mixins.json (2)
[13März2026 16:49:48.782] [main/DEBUG] [mixin/]: Preparing mixinextras.init.mixins.json (0)
[13März2026 16:49:48.795] [main/DEBUG] [mixin/]: Prepared 2 mixins in 0,323 sec (161,5ms avg) (0ms load, 0ms transform, 0ms plugin)
[13März2026 16:49:48.819] [main/DEBUG] [io.netty.util.internal.logging.InternalLoggerFactory/]: Using SLF4J as the default logging framework
[13März2026 16:49:48.827] [main/DEBUG] [io.netty.util.ResourceLeakDetector/]: -Dio.netty.leakDetection.level: simple
[13März2026 16:49:48.827] [main/DEBUG] [io.netty.util.ResourceLeakDetector/]: -Dio.netty.leakDetection.targetRecords: 4
[13März2026 16:49:49.160] [main/DEBUG] [oshi.util.FileUtil/]: No oshi.properties file found from ClassLoader cpw.mods.modlauncher.TransformingClassLoader@408a247c
[13März2026 16:49:50.242] [main/DEBUG] [oshi.util.FileUtil/]: No oshi.architecture.properties file found from ClassLoader cpw.mods.modlauncher.TransformingClassLoader@408a247c
[13März2026 16:49:50.657] [main/INFO] [MixinExtras|Service/]: Initializing MixinExtras via com.llamalad7.mixinextras.service.MixinExtrasServiceImpl(version=0.5.0).
[13März2026 16:49:50.659] [main/DEBUG] [mixin/]: Registering new injector for @SugarWrapper with com.llamalad7.mixinextras.sugar.impl.SugarWrapperInjectionInfo
[13März2026 16:49:50.660] [main/DEBUG] [mixin/]: Registering new injector for @FactoryRedirectWrapper with com.llamalad7.mixinextras.wrapper.factory.FactoryRedirectWrapperInjectionInfo
[13März2026 16:49:50.660] [main/DEBUG] [mixin/]: Registering new injector for @ExpressionInjectorWrapper with com.llamalad7.mixinextras.expression.impl.wrapper.ExpressionInjectorWrapperInjectionInfo
[13März2026 16:49:50.672] [main/DEBUG] [mixin/]: Mixing MappedRegistryAccessor from neoforge.mixins.json into net.minecraft.core.MappedRegistry
[13März2026 16:49:50.674] [main/DEBUG] [mixin/]: neoforge.mixins.json:MappedRegistryAccessor from mod neoforge: Class version 65 required is higher than the class version supported by the current version of Mixin (JAVA_16 supports class version 60)
[13März2026 16:49:51.607] [main/DEBUG] [mixin/]: Mixing BlockEntityTypeAccessor from neoforge.mixins.json into net.minecraft.world.level.block.entity.BlockEntityType
[13März2026 16:49:51.608] [main/DEBUG] [mixin/]: neoforge.mixins.json:BlockEntityTypeAccessor from mod neoforge: Class version 65 required is higher than the class version supported by the current version of Mixin (JAVA_16 supports class version 60)
[13März2026 16:49:52.962] [main/DEBUG] [io.netty.util.internal.PlatformDependent0/]: -Dio.netty.noUnsafe: false
[13März2026 16:49:52.963] [main/DEBUG] [io.netty.util.internal.PlatformDependent0/]: Java version: 21
[13März2026 16:49:52.964] [main/DEBUG] [io.netty.util.internal.PlatformDependent0/]: sun.misc.Unsafe.theUnsafe: available
[13März2026 16:49:52.964] [main/DEBUG] [io.netty.util.internal.PlatformDependent0/]: sun.misc.Unsafe base methods: all available
[13März2026 16:49:52.964] [main/DEBUG] [io.netty.util.internal.PlatformDependent0/]: sun.misc.Unsafe.storeFence: available
[13März2026 16:49:52.964] [main/DEBUG] [io.netty.util.internal.PlatformDependent0/]: java.nio.Buffer.address: available
[13März2026 16:49:52.965] [main/DEBUG] [io.netty.util.internal.PlatformDependent0/]: java.nio.Bits.unaligned: available, true
[13März2026 16:49:52.966] [main/DEBUG] [io.netty.util.internal.PlatformDependent0/]: java.nio.DirectByteBuffer.<init>(long, {int,long}): unavailable
[13März2026 16:49:52.966] [main/DEBUG] [io.netty.util.internal.PlatformDependent/]: sun.misc.Unsafe: available
[13März2026 16:49:52.967] [main/DEBUG] [io.netty.util.internal.PlatformDependent/]: -Dio.netty.tmpdir: C:\Users\julia\AppData\Local\Temp (java.io.tmpdir)
[13März2026 16:49:52.967] [main/DEBUG] [io.netty.util.internal.PlatformDependent/]: -Dio.netty.bitMode: 64 (sun.arch.data.model)
[13März2026 16:49:52.967] [main/DEBUG] [io.netty.util.internal.PlatformDependent/]: Platform: Windows
[13März2026 16:49:52.968] [main/DEBUG] [io.netty.util.internal.PlatformDependent/]: -Dio.netty.maxDirectMemory: -1 bytes
[13März2026 16:49:52.968] [main/DEBUG] [io.netty.util.internal.PlatformDependent/]: -Dio.netty.uninitializedArrayAllocationThreshold: -1
[13März2026 16:49:52.969] [main/DEBUG] [io.netty.util.internal.CleanerJava9/]: java.nio.ByteBuffer.cleaner(): available
[13März2026 16:49:52.969] [main/DEBUG] [io.netty.util.internal.PlatformDependent/]: -Dio.netty.noPreferDirect: false
[13März2026 16:49:55.352] [main/DEBUG] [net.neoforged.neoforge.registries.GameData/REGISTRIES]: Creating vanilla freeze snapshot
[13März2026 16:49:55.377] [main/DEBUG] [net.neoforged.neoforge.registries.GameData/REGISTRIES]: Vanilla freeze snapshot created
[13März2026 16:49:55.922] [main/WARN] [net.minecraft.commands.Commands/]: Ambiguity between arguments [teleport, location] and [teleport, destination] with inputs: [0.1 -0.5 .9, 0 0 0]
[13März2026 16:49:55.923] [main/WARN] [net.minecraft.commands.Commands/]: Ambiguity between arguments [teleport, location] and [teleport, targets] with inputs: [0.1 -0.5 .9, 0 0 0]
[13März2026 16:49:55.927] [main/WARN] [net.minecraft.commands.Commands/]: Ambiguity between arguments [teleport, destination] and [teleport, targets] with inputs: [Player, 0123, @e, dd12be42-52a9-4a91-a8a1-11c01849e498]
[13März2026 16:49:55.928] [main/WARN] [net.minecraft.commands.Commands/]: Ambiguity between arguments [teleport, targets] and [teleport, destination] with inputs: [Player, 0123, dd12be42-52a9-4a91-a8a1-11c01849e498]
[13März2026 16:49:55.929] [main/WARN] [net.minecraft.commands.Commands/]: Ambiguity between arguments [teleport, targets, location] and [teleport, targets, destination] with inputs: [0.1 -0.5 .9, 0 0 0]
[13März2026 16:49:55.930] [main/WARN] [net.minecraft.commands.Commands/]: Ambiguity between arguments [waypoint, modify, waypoint, color, reset] and [waypoint, modify, waypoint, color, color] with inputs: [reset]
[13März2026 16:49:55.954] [main/DEBUG] [net.neoforged.fml.ModWorkManager/LOADING]: Using 16 threads for parallel mod-loading
[13März2026 16:49:55.965] [main/DEBUG] [net.neoforged.fml.javafmlmod.FMLModContainer/LOADING]: Creating FMLModContainer instance for [net.neoforged.neoforge.common.OnlyInWarningsHandler, net.neoforged.neoforge.common.NeoForgeMod]
[13März2026 16:49:55.969] [main/DEBUG] [net.neoforged.fml.javafmlmod.FMLModContainer/LOADING]: Creating FMLModContainer instance for [net.luderspieler.royalcraft.RoyalcraftMod]
[13März2026 16:49:55.989] [modloading-worker-0/DEBUG] [net.neoforged.neoforge.internal.versions.neoforge.NeoForgeVersion/CORE]: Found NeoForge version 21.8.52
[13März2026 16:49:55.990] [modloading-worker-0/DEBUG] [net.neoforged.neoforge.internal.versions.neoforge.NeoForgeVersion/CORE]: Found FML version 9.0.18
[13März2026 16:49:55.991] [modloading-worker-0/INFO] [net.neoforged.neoforge.common.NeoForgeMod/NEOFORGE-MOD]: NeoForge mod loading, version 21.8.52, for MC 1.21.8
[13März2026 16:49:56.018] [modloading-worker-0/DEBUG] [net.neoforged.fml.config.ConfigTracker/CONFIG]: Config file neoforge-server.toml for neoforge tracking
[13März2026 16:49:56.021] [modloading-worker-0/DEBUG] [net.neoforged.fml.config.ConfigTracker/CONFIG]: Config file neoforge-common.toml for neoforge tracking
[13März2026 16:49:56.064] [modloading-worker-0/DEBUG] [net.neoforged.fml.javafmlmod.AutomaticEventSubscriber/LOADING]: Attempting to inject @EventBusSubscriber classes into the eventbus for neoforge
[13März2026 16:49:56.066] [modloading-worker-0/DEBUG] [net.neoforged.fml.javafmlmod.AutomaticEventSubscriber/LOADING]: Scanning class net.neoforged.neoforge.network.NetworkInitialization for @SubscribeEvent-annotated methods
[13März2026 16:49:56.067] [modloading-worker-0/DEBUG] [net.neoforged.fml.javafmlmod.AutomaticEventSubscriber/LOADING]: Subscribing method private static void net.neoforged.neoforge.network.NetworkInitialization.register(net.neoforged.neoforge.network.event.RegisterPayloadHandlersEvent) to the event bus of mod neoforge
[13März2026 16:49:56.068] [modloading-worker-0/DEBUG] [net.neoforged.fml.javafmlmod.AutomaticEventSubscriber/LOADING]: Scanning class net.neoforged.neoforge.network.filters.GenericPacketSplitter for @SubscribeEvent-annotated methods
[13März2026 16:49:56.084] [modloading-worker-0/DEBUG] [io.netty.buffer.AbstractByteBuf/]: -Dio.netty.buffer.checkAccessible: true
[13März2026 16:49:56.085] [modloading-worker-0/DEBUG] [io.netty.buffer.AbstractByteBuf/]: -Dio.netty.buffer.checkBounds: true
[13März2026 16:49:56.086] [modloading-worker-0/DEBUG] [io.netty.util.ResourceLeakDetectorFactory/]: Loaded default ResourceLeakDetector: io.netty.util.ResourceLeakDetector@3834758b
[13März2026 16:49:56.093] [modloading-worker-0/DEBUG] [io.netty.util.internal.InternalThreadLocalMap/]: -Dio.netty.threadLocalMap.stringBuilder.initialSize: 1024
[13März2026 16:49:56.093] [modloading-worker-0/DEBUG] [io.netty.util.internal.InternalThreadLocalMap/]: -Dio.netty.threadLocalMap.stringBuilder.maxSize: 4096
[13März2026 16:49:56.096] [modloading-worker-0/DEBUG] [io.netty.buffer.PooledByteBufAllocator/]: -Dio.netty.allocator.numHeapArenas: 32
[13März2026 16:49:56.096] [modloading-worker-0/DEBUG] [io.netty.buffer.PooledByteBufAllocator/]: -Dio.netty.allocator.numDirectArenas: 32
[13März2026 16:49:56.097] [modloading-worker-0/DEBUG] [io.netty.buffer.PooledByteBufAllocator/]: -Dio.netty.allocator.pageSize: 8192
[13März2026 16:49:56.097] [modloading-worker-0/DEBUG] [io.netty.buffer.PooledByteBufAllocator/]: -Dio.netty.allocator.maxOrder: 9
[13März2026 16:49:56.097] [modloading-worker-0/DEBUG] [io.netty.buffer.PooledByteBufAllocator/]: -Dio.netty.allocator.chunkSize: 4194304
[13März2026 16:49:56.097] [modloading-worker-0/DEBUG] [io.netty.buffer.PooledByteBufAllocator/]: -Dio.netty.allocator.smallCacheSize: 256
[13März2026 16:49:56.097] [modloading-worker-0/DEBUG] [io.netty.buffer.PooledByteBufAllocator/]: -Dio.netty.allocator.normalCacheSize: 64
[13März2026 16:49:56.097] [modloading-worker-0/DEBUG] [io.netty.buffer.PooledByteBufAllocator/]: -Dio.netty.allocator.maxCachedBufferCapacity: 32768
[13März2026 16:49:56.097] [modloading-worker-0/DEBUG] [io.netty.buffer.PooledByteBufAllocator/]: -Dio.netty.allocator.cacheTrimInterval: 8192
[13März2026 16:49:56.097] [modloading-worker-0/DEBUG] [io.netty.buffer.PooledByteBufAllocator/]: -Dio.netty.allocator.cacheTrimIntervalMillis: 0
[13März2026 16:49:56.097] [modloading-worker-0/DEBUG] [io.netty.buffer.PooledByteBufAllocator/]: -Dio.netty.allocator.useCacheForAllThreads: false
[13März2026 16:49:56.098] [modloading-worker-0/DEBUG] [io.netty.buffer.PooledByteBufAllocator/]: -Dio.netty.allocator.maxCachedByteBuffersPerChunk: 1023
[13März2026 16:49:56.098] [modloading-worker-0/DEBUG] [io.netty.buffer.PooledByteBufAllocator/]: -Dio.netty.allocator.disableCacheFinalizersForFastThreadLocalThreads: false
[13März2026 16:49:56.103] [modloading-worker-0/DEBUG] [io.netty.buffer.ByteBufUtil/]: -Dio.netty.allocator.type: pooled
[13März2026 16:49:56.104] [modloading-worker-0/DEBUG] [io.netty.buffer.ByteBufUtil/]: -Dio.netty.threadLocalDirectBufferSize: 0
[13März2026 16:49:56.104] [modloading-worker-0/DEBUG] [io.netty.buffer.ByteBufUtil/]: -Dio.netty.maxThreadLocalCharBufferSize: 16384
[13März2026 16:49:56.109] [modloading-worker-0/DEBUG] [net.neoforged.fml.javafmlmod.AutomaticEventSubscriber/LOADING]: Subscribing method private static void net.neoforged.neoforge.network.filters.GenericPacketSplitter.register(net.neoforged.neoforge.network.event.RegisterPayloadHandlersEvent) to the event bus of mod neoforge
[13März2026 16:49:56.110] [modloading-worker-0/DEBUG] [net.neoforged.fml.javafmlmod.AutomaticEventSubscriber/LOADING]: Scanning class net.neoforged.neoforge.network.ConfigurationInitialization for @SubscribeEvent-annotated methods
[13März2026 16:49:56.112] [modloading-worker-0/DEBUG] [net.neoforged.fml.javafmlmod.AutomaticEventSubscriber/LOADING]: Subscribing method private static void net.neoforged.neoforge.network.ConfigurationInitialization.configureModdedClient(net.neoforged.neoforge.network.event.RegisterConfigurationTasksEvent) to the event bus of mod neoforge
[13März2026 16:49:56.113] [modloading-worker-0/DEBUG] [net.neoforged.fml.javafmlmod.AutomaticEventSubscriber/LOADING]: Scanning class net.neoforged.neoforge.common.MonsterRoomHooks for @SubscribeEvent-annotated methods
[13März2026 16:49:56.113] [modloading-worker-0/DEBUG] [net.neoforged.fml.javafmlmod.AutomaticEventSubscriber/LOADING]: Subscribing method public static void net.neoforged.neoforge.common.MonsterRoomHooks.onDataMapsUpdated(net.neoforged.neoforge.registries.datamaps.DataMapsUpdatedEvent) to the game event bus
[13März2026 16:49:56.114] [modloading-worker-0/DEBUG] [net.neoforged.fml.javafmlmod.AutomaticEventSubscriber/LOADING]: Scanning class net.neoforged.neoforge.attachment.AttachmentSync for @SubscribeEvent-annotated methods
[13März2026 16:49:56.117] [modloading-worker-0/DEBUG] [net.neoforged.fml.javafmlmod.AutomaticEventSubscriber/LOADING]: Subscribing method public static void net.neoforged.neoforge.attachment.AttachmentSync.onChunkSent(net.neoforged.neoforge.event.level.ChunkWatchEvent$Sent) to the game event bus
[13März2026 16:49:56.117] [modloading-worker-0/DEBUG] [net.neoforged.fml.javafmlmod.AutomaticEventSubscriber/LOADING]: Scanning class net.neoforged.neoforge.attachment.AttachmentInternals for @SubscribeEvent-annotated methods
[13März2026 16:49:56.118] [modloading-worker-0/DEBUG] [net.neoforged.fml.javafmlmod.AutomaticEventSubscriber/LOADING]: Subscribing method public static void net.neoforged.neoforge.attachment.AttachmentInternals.onPlayerClone(net.neoforged.neoforge.event.entity.player.PlayerEvent$Clone) to the game event bus
[13März2026 16:49:56.118] [modloading-worker-0/DEBUG] [net.neoforged.fml.javafmlmod.AutomaticEventSubscriber/LOADING]: Subscribing method public static void net.neoforged.neoforge.attachment.AttachmentInternals.onLivingConvert(net.neoforged.neoforge.event.entity.living.LivingConversionEvent$Post) to the game event bus
[13März2026 16:49:56.147] [modloading-worker-0/DEBUG] [net.neoforged.fml.javafmlmod.AutomaticEventSubscriber/LOADING]: Attempting to inject @EventBusSubscriber classes into the eventbus for royalcraft
[13März2026 16:49:56.147] [modloading-worker-0/DEBUG] [net.neoforged.fml.javafmlmod.AutomaticEventSubscriber/LOADING]: Scanning class net.luderspieler.royalcraft.command.ElixirCommand for @SubscribeEvent-annotated methods
[13März2026 16:49:56.148] [modloading-worker-0/DEBUG] [net.neoforged.fml.javafmlmod.AutomaticEventSubscriber/LOADING]: Subscribing method public static void net.luderspieler.royalcraft.command.ElixirCommand.registerCommand(net.neoforged.neoforge.event.RegisterCommandsEvent) to the game event bus
[13März2026 16:49:56.149] [modloading-worker-0/DEBUG] [net.neoforged.fml.javafmlmod.AutomaticEventSubscriber/LOADING]: Scanning class net.luderspieler.royalcraft.command.StartgameCommand for @SubscribeEvent-annotated methods
[13März2026 16:49:56.150] [modloading-worker-0/DEBUG] [net.neoforged.fml.javafmlmod.AutomaticEventSubscriber/LOADING]: Subscribing method public static void net.luderspieler.royalcraft.command.StartgameCommand.registerCommand(net.neoforged.neoforge.event.RegisterCommandsEvent) to the game event bus
[13März2026 16:49:56.150] [modloading-worker-0/DEBUG] [net.neoforged.fml.javafmlmod.AutomaticEventSubscriber/LOADING]: Scanning class net.luderspieler.royalcraft.command.TeamCommand for @SubscribeEvent-annotated methods
[13März2026 16:49:56.151] [modloading-worker-0/DEBUG] [net.neoforged.fml.javafmlmod.AutomaticEventSubscriber/LOADING]: Subscribing method public static void net.luderspieler.royalcraft.command.TeamCommand.registerCommand(net.neoforged.neoforge.event.RegisterCommandsEvent) to the game event bus
[13März2026 16:49:56.151] [modloading-worker-0/DEBUG] [net.neoforged.fml.javafmlmod.AutomaticEventSubscriber/LOADING]: Scanning class net.luderspieler.royalcraft.data.GameManager for @SubscribeEvent-annotated methods
[13März2026 16:49:56.154] [modloading-worker-0/DEBUG] [net.neoforged.fml.javafmlmod.AutomaticEventSubscriber/LOADING]: Subscribing method public static void net.luderspieler.royalcraft.data.GameManager.onItemToss(net.neoforged.neoforge.event.entity.item.ItemTossEvent) to the game event bus
[13März2026 16:49:56.154] [modloading-worker-0/DEBUG] [net.neoforged.fml.javafmlmod.AutomaticEventSubscriber/LOADING]: Subscribing method public static void net.luderspieler.royalcraft.data.GameManager.onServerTick(net.neoforged.neoforge.event.tick.ServerTickEvent$Post) to the game event bus
[13März2026 16:49:56.154] [modloading-worker-0/DEBUG] [net.neoforged.fml.javafmlmod.AutomaticEventSubscriber/LOADING]: Scanning class net.luderspieler.royalcraft.init.RoyalcraftModEntities for @SubscribeEvent-annotated methods
[13März2026 16:49:56.154] [modloading-worker-0/DEBUG] [net.neoforged.fml.javafmlmod.AutomaticEventSubscriber/LOADING]: Subscribing method public static void net.luderspieler.royalcraft.init.RoyalcraftModEntities.init(net.neoforged.neoforge.event.entity.RegisterSpawnPlacementsEvent) to the event bus of mod royalcraft
[13März2026 16:49:56.155] [modloading-worker-0/DEBUG] [net.neoforged.fml.javafmlmod.AutomaticEventSubscriber/LOADING]: Subscribing method public static void net.luderspieler.royalcraft.init.RoyalcraftModEntities.registerAttributes(net.neoforged.neoforge.event.entity.EntityAttributeCreationEvent) to the event bus of mod royalcraft
[13März2026 16:49:56.155] [modloading-worker-0/DEBUG] [net.neoforged.fml.javafmlmod.AutomaticEventSubscriber/LOADING]: Scanning class net.luderspieler.royalcraft.init.RoyalcraftModTabs for @SubscribeEvent-annotated methods
[13März2026 16:49:56.155] [modloading-worker-0/DEBUG] [net.neoforged.fml.javafmlmod.AutomaticEventSubscriber/LOADING]: Subscribing method public static void net.luderspieler.royalcraft.init.RoyalcraftModTabs.buildTabContentsVanilla(net.neoforged.neoforge.event.BuildCreativeModeTabContentsEvent) to the event bus of mod royalcraft
[13März2026 16:49:56.156] [modloading-worker-0/DEBUG] [net.neoforged.fml.javafmlmod.AutomaticEventSubscriber/LOADING]: Scanning class net.luderspieler.royalcraft.network.MenuStateUpdateMessage for @SubscribeEvent-annotated methods
[13März2026 16:49:56.157] [modloading-worker-0/DEBUG] [net.neoforged.fml.javafmlmod.AutomaticEventSubscriber/LOADING]: Subscribing method public static void net.luderspieler.royalcraft.network.MenuStateUpdateMessage.registerMessage(net.neoforged.fml.event.lifecycle.FMLCommonSetupEvent) to the event bus of mod royalcraft
[13März2026 16:49:56.158] [modloading-worker-0/DEBUG] [net.neoforged.fml.javafmlmod.AutomaticEventSubscriber/LOADING]: Scanning class net.luderspieler.royalcraft.network.RoyalcraftModVariables for @SubscribeEvent-annotated methods
[13März2026 16:49:56.158] [modloading-worker-0/DEBUG] [net.neoforged.fml.javafmlmod.AutomaticEventSubscriber/LOADING]: Subscribing method public static void net.luderspieler.royalcraft.network.RoyalcraftModVariables.init(net.neoforged.fml.event.lifecycle.FMLCommonSetupEvent) to the event bus of mod royalcraft
[13März2026 16:49:56.159] [modloading-worker-0/DEBUG] [net.neoforged.fml.javafmlmod.AutomaticEventSubscriber/LOADING]: Subscribing method public static void net.luderspieler.royalcraft.network.RoyalcraftModVariables.clonePlayer(net.neoforged.neoforge.event.entity.player.PlayerEvent$Clone) to the game event bus
[13März2026 16:49:56.159] [modloading-worker-0/DEBUG] [net.neoforged.fml.javafmlmod.AutomaticEventSubscriber/LOADING]: Subscribing method public static void net.luderspieler.royalcraft.network.RoyalcraftModVariables.onPlayerLoggedIn(net.neoforged.neoforge.event.entity.player.PlayerEvent$PlayerLoggedInEvent) to the game event bus
[13März2026 16:49:56.159] [modloading-worker-0/DEBUG] [net.neoforged.fml.javafmlmod.AutomaticEventSubscriber/LOADING]: Subscribing method public static void net.luderspieler.royalcraft.network.RoyalcraftModVariables.onWorldTick(net.neoforged.neoforge.event.tick.LevelTickEvent$Post) to the game event bus
[13März2026 16:49:56.160] [modloading-worker-0/DEBUG] [net.neoforged.fml.javafmlmod.AutomaticEventSubscriber/LOADING]: Subscribing method public static void net.luderspieler.royalcraft.network.RoyalcraftModVariables.onPlayerChangedDimensionSyncPlayerVariables(net.neoforged.neoforge.event.entity.player.PlayerEvent$PlayerChangedDimensionEvent) to the game event bus
[13März2026 16:49:56.160] [modloading-worker-0/DEBUG] [net.neoforged.fml.javafmlmod.AutomaticEventSubscriber/LOADING]: Subscribing method public static void net.luderspieler.royalcraft.network.RoyalcraftModVariables.onPlayerLoggedInSyncPlayerVariables(net.neoforged.neoforge.event.entity.player.PlayerEvent$PlayerLoggedInEvent) to the game event bus
[13März2026 16:49:56.160] [modloading-worker-0/DEBUG] [net.neoforged.fml.javafmlmod.AutomaticEventSubscriber/LOADING]: Subscribing method public static void net.luderspieler.royalcraft.network.RoyalcraftModVariables.onPlayerTickUpdateSyncPlayerVariables(net.neoforged.neoforge.event.tick.PlayerTickEvent$Post) to the game event bus
[13März2026 16:49:56.161] [modloading-worker-0/DEBUG] [net.neoforged.fml.javafmlmod.AutomaticEventSubscriber/LOADING]: Subscribing method public static void net.luderspieler.royalcraft.network.RoyalcraftModVariables.onPlayerRespawnedSyncPlayerVariables(net.neoforged.neoforge.event.entity.player.PlayerEvent$PlayerRespawnEvent) to the game event bus
[13März2026 16:49:56.161] [modloading-worker-0/DEBUG] [net.neoforged.fml.javafmlmod.AutomaticEventSubscriber/LOADING]: Subscribing method public static void net.luderspieler.royalcraft.network.RoyalcraftModVariables.onPlayerChangedDimension(net.neoforged.neoforge.event.entity.player.PlayerEvent$PlayerChangedDimensionEvent) to the game event bus
[13März2026 16:49:56.161] [modloading-worker-0/DEBUG] [net.neoforged.fml.javafmlmod.AutomaticEventSubscriber/LOADING]: Scanning class net.luderspieler.royalcraft.procedures.EntitySpawnsProcedure for @SubscribeEvent-annotated methods
[13März2026 16:49:56.162] [modloading-worker-0/DEBUG] [net.neoforged.fml.javafmlmod.AutomaticEventSubscriber/LOADING]: Subscribing method public static void net.luderspieler.royalcraft.procedures.EntitySpawnsProcedure.onEntitySpawned(net.neoforged.neoforge.event.entity.EntityJoinLevelEvent) to the game event bus
[13März2026 16:49:56.162] [modloading-worker-0/DEBUG] [net.neoforged.fml.javafmlmod.AutomaticEventSubscriber/LOADING]: Scanning class net.luderspieler.royalcraft.procedures.TickupdateProcedure for @SubscribeEvent-annotated methods
[13März2026 16:49:56.164] [modloading-worker-0/DEBUG] [net.neoforged.fml.javafmlmod.AutomaticEventSubscriber/LOADING]: Subscribing method public static void net.luderspieler.royalcraft.procedures.TickupdateProcedure.onPlayerTick(net.neoforged.neoforge.event.tick.PlayerTickEvent$Post) to the game event bus
[13März2026 16:49:56.164] [modloading-worker-0/DEBUG] [net.neoforged.fml.javafmlmod.AutomaticEventSubscriber/LOADING]: Scanning class net.luderspieler.royalcraft.procedures.WorldTickerProcedure for @SubscribeEvent-annotated methods
[13März2026 16:49:56.165] [modloading-worker-0/DEBUG] [net.neoforged.fml.javafmlmod.AutomaticEventSubscriber/LOADING]: Subscribing method public static void net.luderspieler.royalcraft.procedures.WorldTickerProcedure.onWorldTick(net.neoforged.neoforge.event.tick.LevelTickEvent$Post) to the game event bus
[13März2026 16:49:56.177] [modloading-sync-worker/DEBUG] [net.neoforged.neoforge.registries.GameData/REGISTRIES]: Unfreezing registries
[13März2026 16:49:56.293] [modloading-sync-worker/DEBUG] [net.neoforged.neoforge.registries.GameData/REGISTRIES]: Freezing registries
[13März2026 16:49:56.311] [modloading-sync-worker/DEBUG] [net.neoforged.neoforge.registries.GameData/REGISTRIES]: All registries frozen
[13März2026 16:49:56.312] [modloading-sync-worker/DEBUG] [net.neoforged.fml.config.ConfigTracker/CONFIG]: Loading configs type COMMON
[13März2026 16:49:56.323] [modloading-sync-worker/DEBUG] [net.neoforged.neoforge.common.NeoForgeMod/FORGEMOD]: Loaded NeoForge config file neoforge-common.toml
[13März2026 16:49:56.323] [modloading-sync-worker/DEBUG] [net.neoforged.fml.config.ConfigTracker/CONFIG]: Loaded TOML config file C:\Users\julia\OneDrive\Desktop\Programmieren\Minecraft mods\RoyalCraft\runs\server\config\neoforge-common.toml
[13März2026 16:49:56.329] [modloading-sync-worker/DEBUG] [net.neoforged.fml.config.ConfigTracker/CONFIG]: Watching TOML config file C:\Users\julia\OneDrive\Desktop\Programmieren\Minecraft mods\RoyalCraft\runs\server\config\neoforge-common.toml for changes
[13März2026 16:49:56.339] [modloading-sync-worker/DEBUG] [net.neoforged.fml.DeferredWorkQueue/LOADING]: Dispatching synchronous work for work queue Common setup: 1 jobs
[13März2026 16:49:56.341] [modloading-sync-worker/DEBUG] [net.neoforged.fml.DeferredWorkQueue/LOADING]: Synchronous work queue completed in 640.5 μs
[13März2026 16:49:56.416] [main/INFO] [com.mojang.authlib.yggdrasil.YggdrasilAuthenticationService/]: Environment: Environment[sessionHost=https://sessionserver.mojang.com, servicesHost=https://api.minecraftservices.com, name=PROD]
[13März2026 16:49:56.506] [main/WARN] [net.minecraft.server.packs.VanillaPackResourcesBuilder/]: Assets URL 'union:/C:/Users/julia/OneDrive/Desktop/Programmieren/Minecraft%20mods/RoyalCraft/.gradle/repositories/ng_dummy_ng/net/neoforged/neoforge/21.8.52/neoforge-21.8.52.jar%23219!/assets/.mcassetsroot' uses unexpected schema
[13März2026 16:49:56.506] [main/WARN] [net.minecraft.server.packs.VanillaPackResourcesBuilder/]: Assets URL 'union:/C:/Users/julia/OneDrive/Desktop/Programmieren/Minecraft%20mods/RoyalCraft/.gradle/repositories/ng_dummy_ng/net/neoforged/neoforge/21.8.52/neoforge-21.8.52.jar%23219!/data/.mcassetsroot' uses unexpected schema
[13März2026 16:49:57.874] [main/INFO] [net.minecraft.world.item.crafting.RecipeManager/]: Loaded 1407 recipes
[13März2026 16:49:57.884] [main/INFO] [net.minecraft.advancements.AdvancementTree/]: Loaded 1520 advancements
[13März2026 16:49:57.887] [main/INFO] [net.neoforged.neoforge.common.crafting.RecipePriorityManager/]: Loaded 0 recipe priority overrides
[13März2026 16:49:57.938] [main/DEBUG] [net.neoforged.neoforge.common.CommonHooks/WP]: Gathered mod list to write to world save world
[13März2026 16:49:58.031] [Server thread/INFO] [net.minecraft.server.dedicated.DedicatedServer/]: Starting minecraft server version 1.21.8
[13März2026 16:49:58.031] [Server thread/INFO] [net.minecraft.server.dedicated.DedicatedServer/]: Loading properties
[13März2026 16:49:58.031] [Server thread/INFO] [net.minecraft.server.dedicated.DedicatedServer/]: Default game type: SURVIVAL
[13März2026 16:49:58.031] [Server thread/INFO] [net.minecraft.server.MinecraftServer/]: Generating keypair
[13März2026 16:49:58.083] [Server thread/INFO] [net.minecraft.server.dedicated.DedicatedServer/]: Starting Minecraft server on *:25565
[13März2026 16:49:58.083] [Server thread/DEBUG] [net.neoforged.neoforge.network.DualStackUtils/]: Detected IPv6 address: "0:0:0:0:0:0:0:0"
[13März2026 16:49:58.102] [Server thread/DEBUG] [io.netty.channel.MultithreadEventLoopGroup/]: -Dio.netty.eventLoopThreads: 32
[13März2026 16:49:58.109] [Server thread/DEBUG] [io.netty.util.concurrent.GlobalEventExecutor/]: -Dio.netty.globalEventExecutor.quietPeriodSeconds: 1
[13März2026 16:49:58.116] [Server thread/DEBUG] [io.netty.channel.nio.NioEventLoop/]: -Dio.netty.noKeySetOptimization: false
[13März2026 16:49:58.116] [Server thread/DEBUG] [io.netty.channel.nio.NioEventLoop/]: -Dio.netty.selectorAutoRebuildThreshold: 512
[13März2026 16:49:58.121] [Server thread/DEBUG] [io.netty.util.internal.PlatformDependent/]: org.jctools-core.MpscChunkedArrayQueue: available
[13März2026 16:49:58.152] [Server thread/INFO] [net.minecraft.server.network.ServerConnectionListener/]: Using default channel type
[13März2026 16:49:58.162] [Server thread/DEBUG] [io.netty.channel.DefaultChannelId/]: -Dio.netty.processId: 6660 (auto-detected)
[13März2026 16:49:58.164] [Server thread/DEBUG] [io.netty.util.NetUtil/]: -Djava.net.preferIPv4Stack: false
[13März2026 16:49:58.165] [Server thread/DEBUG] [io.netty.util.NetUtil/]: -Djava.net.preferIPv6Addresses: true
[13März2026 16:49:58.167] [Server thread/DEBUG] [io.netty.util.NetUtilInitializations/]: Loopback interface: loopback_0 (Software Loopback Interface 1, 0:0:0:0:0:0:0:1)
[13März2026 16:49:58.168] [Server thread/DEBUG] [io.netty.util.NetUtil/]: Failed to get SOMAXCONN from sysctl and file \proc\sys\net\core\somaxconn. Default: 200
[13März2026 16:49:58.170] [Server thread/DEBUG] [io.netty.channel.DefaultChannelId/]: -Dio.netty.machineId: f4:c8:8a:ff:fe:8f:18:c5 (auto-detected)
[13März2026 16:49:58.180] [Server thread/DEBUG] [io.netty.bootstrap.ChannelInitializerExtensions/]: -Dio.netty.bootstrap.extensions: null
[13März2026 16:49:58.187] [Server thread/WARN] [net.minecraft.server.dedicated.DedicatedServer/]: **** SERVER IS RUNNING IN OFFLINE/INSECURE MODE!
[13März2026 16:49:58.187] [Server thread/WARN] [net.minecraft.server.dedicated.DedicatedServer/]: The server will make no attempt to authenticate usernames. Beware.
[13März2026 16:49:58.187] [Server thread/WARN] [net.minecraft.server.dedicated.DedicatedServer/]: While this makes the game possible to play without internet access, it also opens up the ability for hackers to connect with any username they choose.
[13März2026 16:49:58.187] [Server thread/WARN] [net.minecraft.server.dedicated.DedicatedServer/]: To change this, set "online-mode" to "true" in the server.properties file.
[13März2026 16:49:58.199] [Server thread/DEBUG] [net.neoforged.fml.config.ConfigTracker/CONFIG]: Loading configs type SERVER
[13März2026 16:49:58.201] [Server thread/DEBUG] [net.neoforged.neoforge.common.NeoForgeMod/FORGEMOD]: Loaded NeoForge config file neoforge-server.toml
[13März2026 16:49:58.201] [Server thread/DEBUG] [net.neoforged.fml.config.ConfigTracker/CONFIG]: Loaded TOML config file C:\Users\julia\OneDrive\Desktop\Programmieren\Minecraft mods\RoyalCraft\runs\server\config\neoforge-server.toml
[13März2026 16:49:58.202] [Server thread/DEBUG] [net.neoforged.fml.config.ConfigTracker/CONFIG]: Watching TOML config file C:\Users\julia\OneDrive\Desktop\Programmieren\Minecraft mods\RoyalCraft\runs\server\config\neoforge-server.toml for changes
[13März2026 16:49:58.226] [Server thread/INFO] [net.minecraft.server.dedicated.DedicatedServer/]: Preparing level "world"
[13März2026 16:49:58.540] [Server thread/INFO] [net.minecraft.server.MinecraftServer/]: Preparing start region for dimension minecraft:overworld
[13März2026 16:49:59.359] [worldgen/INFO] [net.minecraft.server.level.progress.LoggerChunkProgressListener/]: Preparing spawn area: 0%
[13März2026 16:49:59.360] [worldgen/INFO] [net.minecraft.server.level.progress.LoggerChunkProgressListener/]: Preparing spawn area: 0%
[13März2026 16:49:59.500] [Server thread/INFO] [net.minecraft.server.level.progress.LoggerChunkProgressListener/]: Time elapsed: 960 ms
[13März2026 16:49:59.501] [Server thread/INFO] [net.minecraft.server.dedicated.DedicatedServer/]: Done (1.301s)! For help, type "help"
[13März2026 16:49:59.509] [Server thread/DEBUG] [net.neoforged.neoforge.network.DualStackUtils/]: Detected IPv6 address: "0:0:0:0:0:0:0:0"
[13März2026 16:49:59.529] [Server thread/DEBUG] [net.neoforged.neoforge.server.LanguageHook/]: Loaded 4 language files for en_us
[13März2026 16:49:59.534] [Server thread/INFO] [net.neoforged.neoforge.server.permission.PermissionAPI/]: Successfully initialized permission handler neoforge:default_handler
[13März2026 16:50:36.201] [Netty Server IO #1/DEBUG] [io.netty.util.Recycler/]: -Dio.netty.recycler.maxCapacityPerThread: 4096
[13März2026 16:50:36.201] [Netty Server IO #1/DEBUG] [io.netty.util.Recycler/]: -Dio.netty.recycler.ratio: 8
[13März2026 16:50:36.201] [Netty Server IO #1/DEBUG] [io.netty.util.Recycler/]: -Dio.netty.recycler.chunkSize: 32
[13März2026 16:50:36.201] [Netty Server IO #1/DEBUG] [io.netty.util.Recycler/]: -Dio.netty.recycler.blocking: false
[13März2026 16:50:36.201] [Netty Server IO #1/DEBUG] [io.netty.util.Recycler/]: -Dio.netty.recycler.batchFastThreadLocalOnly: true
[13März2026 16:50:36.354] [Netty Server IO #1/DEBUG] [net.neoforged.neoforge.network.filters.NetworkFilters/]: Injected net.neoforged.neoforge.network.filters.GenericPacketSplitter@171527dd into net.minecraft.network.Connection@270470a4
[13März2026 16:50:36.865] [Netty Server IO #2/DEBUG] [net.neoforged.neoforge.network.filters.NetworkFilters/]: Injected net.neoforged.neoforge.network.filters.GenericPacketSplitter@2c68b853 into net.minecraft.network.Connection@696a23ba
[13März2026 16:50:37.238] [Netty Server IO #1/DEBUG] [net.neoforged.neoforge.network.filters.NetworkFilters/]: Injected net.neoforged.neoforge.network.filters.GenericPacketSplitter@38e2d2f into net.minecraft.network.Connection@270470a4
[13März2026 16:50:37.364] [Server thread/INFO] [net.minecraft.server.players.PlayerList/]: Dev2[/[fe80::398f:8d3b:6039:a36%5]:50649] logged in with entity id 120 at (12.139693573949524, 107.0, 16.86160968223953)
[13März2026 16:50:37.387] [Server thread/DEBUG] [net.neoforged.neoforge.common.CommonHooks/]: Sending 0 recipes of the following types: []
[13März2026 16:50:37.448] [Server thread/INFO] [net.minecraft.server.MinecraftServer/]: Dev2 joined the game
[13März2026 16:50:37.512] [Server thread/WARN] [net.minecraft.server.players.PlayerList/]: [net.minecraft.server.players.PlayerList] Serialization errors:
ServerPlayer['Dev2'/120, l='ServerLevel[world]', x=12.14, y=107.00, z=16.86]:
  Failed to decode value '{Slot:4b,count:1,id:"royalcraft:mini_pekk_aitem"}' from field 'Inventory' at index 4': Unknown registry key in ResourceKey[minecraft:root / minecraft:item]: royalcraft:mini_pekk_aitem
  Failed to decode value '{Slot:8b,count:1,id:"royalcraft:mini_pekk_aitem"}' from field 'Inventory' at index 8': Unknown registry key in ResourceKey[minecraft:root / minecraft:item]: royalcraft:mini_pekk_aitem
[13März2026 16:50:38.441] [Netty Server IO #2/DEBUG] [net.neoforged.neoforge.network.filters.NetworkFilters/]: Injected net.neoforged.neoforge.network.filters.GenericPacketSplitter@107a77a9 into net.minecraft.network.Connection@696a23ba
[13März2026 16:50:38.473] [Server thread/INFO] [net.minecraft.server.players.PlayerList/]: Dev1[/[fe80::398f:8d3b:6039:a36%5]:50650] logged in with entity id 226 at (36.0, 107.0, 17.0)
[13März2026 16:50:38.478] [Server thread/DEBUG] [net.neoforged.neoforge.common.CommonHooks/]: Sending 0 recipes of the following types: []
[13März2026 16:50:38.520] [Server thread/INFO] [net.minecraft.server.MinecraftServer/]: Dev1 joined the game
[13März2026 16:50:41.089] [Server thread/INFO] [net.minecraft.server.MinecraftServer/]: [Not Secure] <Dev2> t
[13März2026 16:50:49.827] [Server thread/INFO] [net.minecraft.server.MinecraftServer/]: [Not Secure] <Dev1> t
[13März2026 16:50:55.893] [Server thread/INFO] [net.minecraft.server.MinecraftServer/]: Game started! Red: Dev1 | Blue: Dev2
[13März2026 16:53:29.347] [Server thread/INFO] [net.minecraft.server.network.ServerGamePacketListenerImpl/]: Dev1 lost connection: Disconnected
[13März2026 16:53:29.347] [Server thread/INFO] [net.minecraft.server.MinecraftServer/]: Dev1 left the game
[13März2026 16:53:30.449] [Server thread/INFO] [net.minecraft.server.network.ServerGamePacketListenerImpl/]: Dev2 lost connection: Disconnected
[13März2026 16:53:30.451] [Server thread/INFO] [net.minecraft.server.MinecraftServer/]: Dev2 left the game
[13März2026 16:54:30.437] [Server thread/INFO] [net.minecraft.server.MinecraftServer/]: Server empty for 60 seconds, pausing
[13März2026 16:54:30.466] [Server thread/DEBUG] [net.neoforged.neoforge.common.CommonHooks/WP]: Gathered mod list to write to world save world
