[16:49:46] [main/INFO]: ModLauncher running: args [--nogui, --launchTarget, neoforgeserverdev, --fml.fmlVersion, 9.0.18, --fml.mcVersion, 1.21.8, --fml.neoForgeVersion, 21.8.52, --fml.neoFormVersion, 20250717.133445]
[16:49:46] [main/INFO]: JVM identified as Eclipse Adoptium OpenJDK 64-Bit Server VM 21.0.7+6-LTS
[16:49:46] [main/INFO]: ModLauncher 9.0 starting: java version 21.0.7 by Eclipse Adoptium; OS Windows 11 arch amd64 version 10.0
[16:49:46] [main/INFO]: ImmediateWindowProvider not loading because launch target is neoforgeserverdev
[16:49:46] [main/INFO]: SpongePowered MIXIN Subsystem Version=0.8.7 Source=union:/C:/Users/julia/.gradle/caches/modules-2/files-2.1/net.fabricmc/sponge-mixin/0.15.2+mixin.0.8.7/2af2f021d8e02a0220dc27a7a72b4666d66d44ca/sponge-mixin-0.15.2+mixin.0.8.7.jar%23162!/ Service=ModLauncher Env=SERVER
[16:49:47] [main/INFO]: Found mod file "neoforge-21.8.52.jar" [locator: neoforge devenv provider ([C:\Users\julia\OneDrive\Desktop\Programmieren\Minecraft mods\RoyalCraft\.gradle\repositories\ng_dummy_ng\net\neoforged\neoforge\21.8.52\neoforge-21.8.52.jar])]
[16:49:47] [main/INFO]: Found mod file "neoforge-21.8.52.jar" [locator: neoforge devenv provider ([C:\Users\julia\OneDrive\Desktop\Programmieren\Minecraft mods\RoyalCraft\.gradle\repositories\ng_dummy_ng\net\neoforged\neoforge\21.8.52\neoforge-21.8.52.jar])]
[16:49:47] [main/INFO]: Found mod file "main" [locator: userdev mods and services, reader: mod manifest]
[16:49:47] [main/INFO]: Found mod file "neoforge-21.8.52.jar" [locator: userdev mods and services, reader: mod manifest]
[16:49:47] [main/INFO]: Found gamelibrary file "mixinextras-neoforge-0.5.0.jar" [locator: userdev mods and services, reader: mod manifest]
[16:49:47] [main/WARN]: Attempted to select a dependency jar for JarJar which was passed in as source: library:mixinextras.neoforge. Using Mod File: C:\Users\julia\.gradle\caches\modules-2\files-2.1\io.github.llamalad7\mixinextras-neoforge\0.5.0\d734b83ce6542bb70ea31755c1595b88992dbe65\mixinextras-neoforge-0.5.0.jar
[16:49:47] [main/INFO]: Found 1 dependencies adding them to mods collection
[16:49:47] [main/INFO]: Found library file "net.neoforged.neoforge-coremods-21.8.52.jar" [parent: neoforge-21.8.52.jar, locator: jarinjar, reader: mod manifest]
[16:49:47] [main/INFO]: 
     Mod List:
		Name Version (Mod Id)

		Minecraft 1.21.8 (minecraft)
		NeoForge 21.8.52 (neoforge)
		RoyalCraft 1.0.0 (royalcraft)
[16:49:48] [main/INFO]: Launching target 'neoforgeserverdev' with arguments [--nogui]
[13März2026 16:49:50.657] [main/INFO] [MixinExtras|Service/]: Initializing MixinExtras via com.llamalad7.mixinextras.service.MixinExtrasServiceImpl(version=0.5.0).
[13März2026 16:49:55.922] [main/WARN] [net.minecraft.commands.Commands/]: Ambiguity between arguments [teleport, location] and [teleport, destination] with inputs: [0.1 -0.5 .9, 0 0 0]
[13März2026 16:49:55.923] [main/WARN] [net.minecraft.commands.Commands/]: Ambiguity between arguments [teleport, location] and [teleport, targets] with inputs: [0.1 -0.5 .9, 0 0 0]
[13März2026 16:49:55.927] [main/WARN] [net.minecraft.commands.Commands/]: Ambiguity between arguments [teleport, destination] and [teleport, targets] with inputs: [Player, 0123, @e, dd12be42-52a9-4a91-a8a1-11c01849e498]
[13März2026 16:49:55.928] [main/WARN] [net.minecraft.commands.Commands/]: Ambiguity between arguments [teleport, targets] and [teleport, destination] with inputs: [Player, 0123, dd12be42-52a9-4a91-a8a1-11c01849e498]
[13März2026 16:49:55.929] [main/WARN] [net.minecraft.commands.Commands/]: Ambiguity between arguments [teleport, targets, location] and [teleport, targets, destination] with inputs: [0.1 -0.5 .9, 0 0 0]
[13März2026 16:49:55.930] [main/WARN] [net.minecraft.commands.Commands/]: Ambiguity between arguments [waypoint, modify, waypoint, color, reset] and [waypoint, modify, waypoint, color, color] with inputs: [reset]
[13März2026 16:49:55.991] [modloading-worker-0/INFO] [net.neoforged.neoforge.common.NeoForgeMod/NEOFORGE-MOD]: NeoForge mod loading, version 21.8.52, for MC 1.21.8
[13März2026 16:49:56.416] [main/INFO] [com.mojang.authlib.yggdrasil.YggdrasilAuthenticationService/]: Environment: Environment[sessionHost=https://sessionserver.mojang.com, servicesHost=https://api.minecraftservices.com, name=PROD]
[13März2026 16:49:56.506] [main/WARN] [net.minecraft.server.packs.VanillaPackResourcesBuilder/]: Assets URL 'union:/C:/Users/julia/OneDrive/Desktop/Programmieren/Minecraft%20mods/RoyalCraft/.gradle/repositories/ng_dummy_ng/net/neoforged/neoforge/21.8.52/neoforge-21.8.52.jar%23219!/assets/.mcassetsroot' uses unexpected schema
[13März2026 16:49:56.506] [main/WARN] [net.minecraft.server.packs.VanillaPackResourcesBuilder/]: Assets URL 'union:/C:/Users/julia/OneDrive/Desktop/Programmieren/Minecraft%20mods/RoyalCraft/.gradle/repositories/ng_dummy_ng/net/neoforged/neoforge/21.8.52/neoforge-21.8.52.jar%23219!/data/.mcassetsroot' uses unexpected schema
[13März2026 16:49:57.874] [main/INFO] [net.minecraft.world.item.crafting.RecipeManager/]: Loaded 1407 recipes
[13März2026 16:49:57.884] [main/INFO] [net.minecraft.advancements.AdvancementTree/]: Loaded 1520 advancements
[13März2026 16:49:57.887] [main/INFO] [net.neoforged.neoforge.common.crafting.RecipePriorityManager/]: Loaded 0 recipe priority overrides
[13März2026 16:49:58.031] [Server thread/INFO] [net.minecraft.server.dedicated.DedicatedServer/]: Starting minecraft server version 1.21.8
[13März2026 16:49:58.031] [Server thread/INFO] [net.minecraft.server.dedicated.DedicatedServer/]: Loading properties
[13März2026 16:49:58.031] [Server thread/INFO] [net.minecraft.server.dedicated.DedicatedServer/]: Default game type: SURVIVAL
[13März2026 16:49:58.031] [Server thread/INFO] [net.minecraft.server.MinecraftServer/]: Generating keypair
[13März2026 16:49:58.083] [Server thread/INFO] [net.minecraft.server.dedicated.DedicatedServer/]: Starting Minecraft server on *:25565
[13März2026 16:49:58.152] [Server thread/INFO] [net.minecraft.server.network.ServerConnectionListener/]: Using default channel type
[13März2026 16:49:58.187] [Server thread/WARN] [net.minecraft.server.dedicated.DedicatedServer/]: **** SERVER IS RUNNING IN OFFLINE/INSECURE MODE!
[13März2026 16:49:58.187] [Server thread/WARN] [net.minecraft.server.dedicated.DedicatedServer/]: The server will make no attempt to authenticate usernames. Beware.
[13März2026 16:49:58.187] [Server thread/WARN] [net.minecraft.server.dedicated.DedicatedServer/]: While this makes the game possible to play without internet access, it also opens up the ability for hackers to connect with any username they choose.
[13März2026 16:49:58.187] [Server thread/WARN] [net.minecraft.server.dedicated.DedicatedServer/]: To change this, set "online-mode" to "true" in the server.properties file.
[13März2026 16:49:58.226] [Server thread/INFO] [net.minecraft.server.dedicated.DedicatedServer/]: Preparing level "world"
[13März2026 16:49:58.540] [Server thread/INFO] [net.minecraft.server.MinecraftServer/]: Preparing start region for dimension minecraft:overworld
[13März2026 16:49:59.359] [worldgen/INFO] [net.minecraft.server.level.progress.LoggerChunkProgressListener/]: Preparing spawn area: 0%
[13März2026 16:49:59.360] [worldgen/INFO] [net.minecraft.server.level.progress.LoggerChunkProgressListener/]: Preparing spawn area: 0%
[13März2026 16:49:59.500] [Server thread/INFO] [net.minecraft.server.level.progress.LoggerChunkProgressListener/]: Time elapsed: 960 ms
[13März2026 16:49:59.501] [Server thread/INFO] [net.minecraft.server.dedicated.DedicatedServer/]: Done (1.301s)! For help, type "help"
[13März2026 16:49:59.534] [Server thread/INFO] [net.neoforged.neoforge.server.permission.PermissionAPI/]: Successfully initialized permission handler neoforge:default_handler
[13März2026 16:50:37.364] [Server thread/INFO] [net.minecraft.server.players.PlayerList/]: Dev2[/[fe80::398f:8d3b:6039:a36%5]:50649] logged in with entity id 120 at (12.139693573949524, 107.0, 16.86160968223953)
[13März2026 16:50:37.448] [Server thread/INFO] [net.minecraft.server.MinecraftServer/]: Dev2 joined the game
[13März2026 16:50:37.512] [Server thread/WARN] [net.minecraft.server.players.PlayerList/]: [net.minecraft.server.players.PlayerList] Serialization errors:
ServerPlayer['Dev2'/120, l='ServerLevel[world]', x=12.14, y=107.00, z=16.86]:
  Failed to decode value '{Slot:4b,count:1,id:"royalcraft:mini_pekk_aitem"}' from field 'Inventory' at index 4': Unknown registry key in ResourceKey[minecraft:root / minecraft:item]: royalcraft:mini_pekk_aitem
  Failed to decode value '{Slot:8b,count:1,id:"royalcraft:mini_pekk_aitem"}' from field 'Inventory' at index 8': Unknown registry key in ResourceKey[minecraft:root / minecraft:item]: royalcraft:mini_pekk_aitem
[13März2026 16:50:38.473] [Server thread/INFO] [net.minecraft.server.players.PlayerList/]: Dev1[/[fe80::398f:8d3b:6039:a36%5]:50650] logged in with entity id 226 at (36.0, 107.0, 17.0)
[13März2026 16:50:38.520] [Server thread/INFO] [net.minecraft.server.MinecraftServer/]: Dev1 joined the game
[13März2026 16:50:41.089] [Server thread/INFO] [net.minecraft.server.MinecraftServer/]: [Not Secure] <Dev2> t
[13März2026 16:50:49.827] [Server thread/INFO] [net.minecraft.server.MinecraftServer/]: [Not Secure] <Dev1> t
[13März2026 16:50:55.893] [Server thread/INFO] [net.minecraft.server.MinecraftServer/]: Game started! Red: Dev1 | Blue: Dev2
[13März2026 16:53:29.347] [Server thread/INFO] [net.minecraft.server.network.ServerGamePacketListenerImpl/]: Dev1 lost connection: Disconnected
[13März2026 16:53:29.347] [Server thread/INFO] [net.minecraft.server.MinecraftServer/]: Dev1 left the game
[13März2026 16:53:30.449] [Server thread/INFO] [net.minecraft.server.network.ServerGamePacketListenerImpl/]: Dev2 lost connection: Disconnected
[13März2026 16:53:30.451] [Server thread/INFO] [net.minecraft.server.MinecraftServer/]: Dev2 left the game
[13März2026 16:54:30.437] [Server thread/INFO] [net.minecraft.server.MinecraftServer/]: Server empty for 60 seconds, pausing
