[15:37:14] [main/INFO]: ModLauncher running: args [--launchTarget, neoforgeclientdev, --version, 21.8.52, --assetIndex, asset-index, --assetsDir, C:\\Users\\julia\\.gradle\\caches\\minecraft\\assets, --fml.fmlVersion, 9.0.18, --fml.mcVersion, 1.21.8, --fml.neoForgeVersion, 21.8.52, --fml.neoFormVersion, 20250717.133445, --username, Dev1]
[15:37:14] [main/INFO]: JVM identified as Eclipse Adoptium OpenJDK 64-Bit Server VM 21.0.7+6-LTS
[15:37:14] [main/INFO]: ModLauncher 9.0 starting: java version 21.0.7 by Eclipse Adoptium; OS Windows 11 arch amd64 version 10.0
[15:37:14] [main/INFO]: Loading ImmediateWindowProvider fmlearlywindow
[15:37:14] [main/INFO]: SpongePowered MIXIN Subsystem Version=0.8.7 Source=union:/C:/Users/julia/.gradle/caches/modules-2/files-2.1/net.fabricmc/sponge-mixin/0.15.2+mixin.0.8.7/2af2f021d8e02a0220dc27a7a72b4666d66d44ca/sponge-mixin-0.15.2+mixin.0.8.7.jar%23162!/ Service=ModLauncher Env=CLIENT
[15:37:15] [main/INFO]: Found mod file "neoforge-21.8.52.jar" [locator: neoforge devenv provider ([C:\Users\julia\OneDrive\Desktop\Programmieren\Minecraft mods\RoyalCraft\.gradle\repositories\ng_dummy_ng\net\neoforged\neoforge\21.8.52\neoforge-21.8.52.jar])]
[15:37:15] [main/INFO]: Found mod file "neoforge-21.8.52.jar" [locator: neoforge devenv provider ([C:\Users\julia\OneDrive\Desktop\Programmieren\Minecraft mods\RoyalCraft\.gradle\repositories\ng_dummy_ng\net\neoforged\neoforge\21.8.52\neoforge-21.8.52.jar])]
[15:37:15] [main/INFO]: Found mod file "main" [locator: userdev mods and services, reader: mod manifest]
[15:37:15] [main/INFO]: Found mod file "neoforge-21.8.52.jar" [locator: userdev mods and services, reader: mod manifest]
[15:37:15] [fml-loadingscreen/INFO]: GL info: NVIDIA GeForce RTX 4070 Laptop GPU/PCIe/SSE2 GL version 3.2.0 NVIDIA 591.44, NVIDIA Corporation
[15:37:15] [main/INFO]: Found gamelibrary file "mixinextras-neoforge-0.5.0.jar" [locator: userdev mods and services, reader: mod manifest]
[15:37:15] [main/WARN]: Attempted to select a dependency jar for JarJar which was passed in as source: library:mixinextras.neoforge. Using Mod File: C:\Users\julia\.gradle\caches\modules-2\files-2.1\io.github.llamalad7\mixinextras-neoforge\0.5.0\d734b83ce6542bb70ea31755c1595b88992dbe65\mixinextras-neoforge-0.5.0.jar
[15:37:15] [main/INFO]: Found 1 dependencies adding them to mods collection
[15:37:15] [main/INFO]: Found library file "net.neoforged.neoforge-coremods-21.8.52.jar" [parent: neoforge-21.8.52.jar, locator: jarinjar, reader: mod manifest]
[15:37:15] [main/INFO]: 
     Mod List:
		Name Version (Mod Id)

		Minecraft 1.21.8 (minecraft)
		NeoForge 21.8.52 (neoforge)
		RoyalCraft 1.0.0 (royalcraft)
[15:37:15] [main/INFO]: Launching target 'neoforgeclientdev' with arguments [--version, 21.8.52, --assetsDir, C:\Users\julia\.gradle\caches\minecraft\assets, --assetIndex, asset-index, --username, Dev1]
[15März2026 15:37:18.578] [Datafixer Bootstrap/INFO] [com.mojang.datafixers.DataFixerBuilder/]: 272 Datafixer optimizations took 739 milliseconds
[15März2026 15:37:18.771] [pool-6-thread-1/INFO] [MixinExtras|Service/]: Initializing MixinExtras via com.llamalad7.mixinextras.service.MixinExtrasServiceImpl(version=0.5.0).
[15März2026 15:37:25.859] [main/WARN] [net.minecraft.commands.Commands/]: Ambiguity between arguments [teleport, location] and [teleport, destination] with inputs: [0.1 -0.5 .9, 0 0 0]
[15März2026 15:37:25.872] [main/WARN] [net.minecraft.commands.Commands/]: Ambiguity between arguments [teleport, location] and [teleport, targets] with inputs: [0.1 -0.5 .9, 0 0 0]
[15März2026 15:37:25.891] [main/WARN] [net.minecraft.commands.Commands/]: Ambiguity between arguments [teleport, destination] and [teleport, targets] with inputs: [Player, 0123, @e, dd12be42-52a9-4a91-a8a1-11c01849e498]
[15März2026 15:37:25.900] [main/WARN] [net.minecraft.commands.Commands/]: Ambiguity between arguments [teleport, targets] and [teleport, destination] with inputs: [Player, 0123, dd12be42-52a9-4a91-a8a1-11c01849e498]
[15März2026 15:37:25.904] [main/WARN] [net.minecraft.commands.Commands/]: Ambiguity between arguments [teleport, targets, location] and [teleport, targets, destination] with inputs: [0.1 -0.5 .9, 0 0 0]
[15März2026 15:37:25.913] [main/WARN] [net.minecraft.commands.Commands/]: Ambiguity between arguments [waypoint, modify, waypoint, color, reset] and [waypoint, modify, waypoint, color, color] with inputs: [reset]
[15März2026 15:37:26.094] [modloading-worker-0/INFO] [net.neoforged.neoforge.common.NeoForgeMod/NEOFORGE-MOD]: NeoForge mod loading, version 21.8.52, for MC 1.21.8
[15März2026 15:37:28.014] [Render thread/WARN] [net.minecraft.server.packs.VanillaPackResourcesBuilder/]: Assets URL 'union:/C:/Users/julia/OneDrive/Desktop/Programmieren/Minecraft%20mods/RoyalCraft/.gradle/repositories/ng_dummy_ng/net/neoforged/neoforge/21.8.52/neoforge-21.8.52.jar%23219!/assets/.mcassetsroot' uses unexpected schema
[15März2026 15:37:28.016] [Render thread/WARN] [net.minecraft.server.packs.VanillaPackResourcesBuilder/]: Assets URL 'union:/C:/Users/julia/OneDrive/Desktop/Programmieren/Minecraft%20mods/RoyalCraft/.gradle/repositories/ng_dummy_ng/net/neoforged/neoforge/21.8.52/neoforge-21.8.52.jar%23219!/data/.mcassetsroot' uses unexpected schema
[15März2026 15:37:28.491] [Render thread/INFO] [com.mojang.authlib.yggdrasil.YggdrasilAuthenticationService/]: Environment: Environment[sessionHost=https://sessionserver.mojang.com, servicesHost=https://api.minecraftservices.com, name=PROD]
[15März2026 15:37:28.564] [Render thread/INFO] [net.minecraft.client.Minecraft/]: Setting user: Dev1
[15März2026 15:37:29.117] [Render thread/INFO] [net.minecraft.client.Minecraft/]: Backend library: LWJGL version 3.3.3+5
[15März2026 15:37:29.997] [Render thread/INFO] [net.minecraft.client.Minecraft/]: Using optional rendering extensions: GL_ARB_buffer_storage, GL_KHR_debug, GL_ARB_vertex_attrib_binding, GL_ARB_direct_state_access
[15März2026 15:37:32.085] [Render thread/INFO] [net.minecraft.server.packs.resources.ReloadableResourceManager/]: Reloading ResourceManager: vanilla, mod_resources, mod/neoforge, mod/royalcraft
[15März2026 15:37:32.301] [resourceLoad/INFO] [net.minecraft.client.gui.font.providers.UnihexProvider/]: Found unifont_all_no_pua-16.0.03.hex, loading
[15März2026 15:37:32.301] [resourceLoad/INFO] [net.minecraft.client.gui.font.providers.UnihexProvider/]: Found unifont_pua-16.0.03.hex, loading
[15März2026 15:37:32.497] [resourceLoad/INFO] [net.minecraft.client.gui.font.providers.UnihexProvider/]: Found unifont_jp_patch-16.0.03.hex, loading
[15März2026 15:37:34.357] [Render thread/INFO] [com.mojang.blaze3d.audio.Library/]: OpenAL initialized on device OpenAL Soft on Lautsprecher (FxSound Audio Enhancer)
[15März2026 15:37:34.359] [Render thread/INFO] [net.minecraft.client.sounds.SoundEngine/SOUNDS]: Sound engine started
[15März2026 15:37:34.471] [Render thread/INFO] [net.minecraft.client.renderer.texture.TextureAtlas/]: Created: 1024x512x4 minecraft:textures/atlas/blocks.png-atlas
[15März2026 15:37:34.481] [Render thread/INFO] [net.minecraft.client.renderer.texture.TextureAtlas/]: Created: 256x256x4 minecraft:textures/atlas/signs.png-atlas
[15März2026 15:37:34.483] [Render thread/INFO] [net.minecraft.client.renderer.texture.TextureAtlas/]: Created: 512x512x4 minecraft:textures/atlas/shield_patterns.png-atlas
[15März2026 15:37:34.484] [Render thread/INFO] [net.minecraft.client.renderer.texture.TextureAtlas/]: Created: 512x512x4 minecraft:textures/atlas/banner_patterns.png-atlas
[15März2026 15:37:34.485] [Render thread/INFO] [net.minecraft.client.renderer.texture.TextureAtlas/]: Created: 2048x1024x4 minecraft:textures/atlas/armor_trims.png-atlas
[15März2026 15:37:34.488] [Render thread/INFO] [net.minecraft.client.renderer.texture.TextureAtlas/]: Created: 128x64x4 minecraft:textures/atlas/decorated_pot.png-atlas
[15März2026 15:37:34.491] [Render thread/INFO] [net.minecraft.client.renderer.texture.TextureAtlas/]: Created: 256x256x4 minecraft:textures/atlas/chest.png-atlas
[15März2026 15:37:34.492] [Render thread/INFO] [net.minecraft.client.renderer.texture.TextureAtlas/]: Created: 512x256x4 minecraft:textures/atlas/shulker_boxes.png-atlas
[15März2026 15:37:34.492] [Render thread/INFO] [net.minecraft.client.renderer.texture.TextureAtlas/]: Created: 512x256x4 minecraft:textures/atlas/beds.png-atlas
[15März2026 15:37:34.495] [Render thread/INFO] [net.minecraft.client.renderer.texture.TextureAtlas/]: Created: 64x64x0 minecraft:textures/atlas/map_decorations.png-atlas
[15März2026 15:37:34.497] [Render thread/INFO] [net.neoforged.neoforge.client.entity.animation.json.AnimationLoader/]: Loaded 0 entity animations
[15März2026 15:37:34.584] [Render thread/INFO] [net.minecraft.client.renderer.texture.TextureAtlas/]: Created: 512x256x0 minecraft:textures/atlas/particles.png-atlas
[15März2026 15:37:34.585] [Render thread/INFO] [net.minecraft.client.renderer.texture.TextureAtlas/]: Created: 512x256x0 minecraft:textures/atlas/paintings.png-atlas
[15März2026 15:37:34.586] [Render thread/INFO] [net.minecraft.client.renderer.texture.TextureAtlas/]: Created: 1024x512x0 minecraft:textures/atlas/gui.png-atlas
